2018-04-10 10:57:11.130 [main] INFO  org.springframework.context.support.ClassPathXmlApplicationContext - Refreshing org.springframework.context.support.ClassPathXmlApplicationContext@443118b0: startup date [Tue Apr 10 10:57:11 MSK 2018]; root of context hierarchy
2018-04-10 10:57:11.662 [main] INFO  org.springframework.beans.factory.xml.XmlBeanDefinitionReader - Loading XML bean definitions from class path resource [ioc.xml]
2018-04-10 11:00:09.186 [main] INFO  org.springframework.context.support.ClassPathXmlApplicationContext - Refreshing org.springframework.context.support.ClassPathXmlApplicationContext@765d7657: startup date [Tue Apr 10 11:00:09 MSK 2018]; root of context hierarchy
2018-04-10 11:00:09.303 [main] INFO  org.springframework.beans.factory.xml.XmlBeanDefinitionReader - Loading XML bean definitions from class path resource [ioc.xml]
2018-04-12 11:23:36.696 [main] INFO  org.springframework.context.support.ClassPathXmlApplicationContext - Refreshing org.springframework.context.support.ClassPathXmlApplicationContext@74235045: startup date [Thu Apr 12 11:23:36 MSK 2018]; root of context hierarchy
2018-04-12 11:23:37.017 [main] INFO  org.springframework.beans.factory.xml.XmlBeanDefinitionReader - Loading XML bean definitions from class path resource [ioc.xml]
2018-04-13 00:05:29.436 [main] INFO  org.springframework.context.support.ClassPathXmlApplicationContext - Refreshing org.springframework.context.support.ClassPathXmlApplicationContext@78691363: startup date [Fri Apr 13 00:05:29 MSK 2018]; root of context hierarchy
2018-04-13 00:05:29.546 [main] INFO  org.springframework.beans.factory.xml.XmlBeanDefinitionReader - Loading XML bean definitions from class path resource [ioc.xml]
2018-04-13 01:29:21.132 [main] INFO  org.springframework.context.support.ClassPathXmlApplicationContext - Refreshing org.springframework.context.support.ClassPathXmlApplicationContext@41d477ed: startup date [Fri Apr 13 01:29:21 MSK 2018]; root of context hierarchy
2018-04-13 01:29:21.378 [main] INFO  org.springframework.beans.factory.xml.XmlBeanDefinitionReader - Loading XML bean definitions from class path resource [ioc.xml]
2018-04-13 01:29:45.769 [main] INFO  org.springframework.context.support.ClassPathXmlApplicationContext - Refreshing org.springframework.context.support.ClassPathXmlApplicationContext@78691363: startup date [Fri Apr 13 01:29:45 MSK 2018]; root of context hierarchy
2018-04-13 01:29:45.862 [main] INFO  org.springframework.beans.factory.xml.XmlBeanDefinitionReader - Loading XML bean definitions from class path resource [ioc.xml]
2018-04-13 01:29:46.025 [main] WARN  org.springframework.context.support.ClassPathXmlApplicationContext - Exception encountered during context initialization - cancelling refresh attempt: org.springframework.beans.factory.CannotLoadBeanClassException: Cannot find class [lab.model.UsualPerson] for bean with name 'person' defined in class path resource [ioc.xml]; nested exception is java.lang.ClassNotFoundException: lab.model.UsualPerson
2018-04-13 12:40:16.644 [main] INFO  org.springframework.context.support.FileSystemXmlApplicationContext - Refreshing org.springframework.context.support.FileSystemXmlApplicationContext@7494f96a: startup date [Fri Apr 13 12:40:16 MSK 2018]; root of context hierarchy
2018-04-13 12:40:17.310 [main] INFO  org.springframework.beans.factory.xml.XmlBeanDefinitionReader - Loading XML bean definitions from file [C:\Data\IdeaProjects\java_lab\labs\Spring\lab3__\ioc.xml]
2018-04-13 12:41:39.112 [main] INFO  org.springframework.context.support.FileSystemXmlApplicationContext - Refreshing org.springframework.context.support.FileSystemXmlApplicationContext@192c3f1e: startup date [Fri Apr 13 12:41:39 MSK 2018]; root of context hierarchy
2018-04-13 12:41:39.211 [main] INFO  org.springframework.beans.factory.xml.XmlBeanDefinitionReader - Loading XML bean definitions from file [C:\Data\IdeaProjects\java_lab\labs\Spring\lab3__\ioc.xml]
2018-04-13 12:42:49.727 [main] INFO  org.springframework.context.support.FileSystemXmlApplicationContext - Refreshing org.springframework.context.support.FileSystemXmlApplicationContext@192c3f1e: startup date [Fri Apr 13 12:42:49 MSK 2018]; root of context hierarchy
2018-04-13 12:42:49.811 [main] INFO  org.springframework.beans.factory.xml.XmlBeanDefinitionReader - Loading XML bean definitions from file [C:\Data\IdeaProjects\java_lab\labs\Spring\lab3__\ioc.xml]
2018-04-13 12:44:59.551 [main] INFO  org.springframework.context.support.FileSystemXmlApplicationContext - Refreshing org.springframework.context.support.FileSystemXmlApplicationContext@1f59a598: startup date [Fri Apr 13 12:44:59 MSK 2018]; root of context hierarchy
2018-04-13 12:44:59.717 [main] INFO  org.springframework.beans.factory.xml.XmlBeanDefinitionReader - Loading XML bean definitions from file [C:\Data\IdeaProjects\java_lab\labs\Spring\lab3__\ioc.xml]
2018-04-13 12:48:35.378 [main] INFO  org.springframework.context.support.FileSystemXmlApplicationContext - Refreshing org.springframework.context.support.FileSystemXmlApplicationContext@192c3f1e: startup date [Fri Apr 13 12:48:35 MSK 2018]; root of context hierarchy
2018-04-13 12:48:35.460 [main] INFO  org.springframework.beans.factory.xml.XmlBeanDefinitionReader - Loading XML bean definitions from file [C:\Data\IdeaProjects\java_lab\labs\Spring\lab3__\src\test\resources\ioc.xml]
2018-04-13 12:48:36.326 [main] WARN  org.springframework.context.support.FileSystemXmlApplicationContext - Exception encountered during context initialization - cancelling refresh attempt: org.springframework.beans.factory.BeanCreationException: Error creating bean with name 'person' defined in file [C:\Data\IdeaProjects\java_lab\labs\Spring\lab3__\src\test\resources\ioc.xml]: Instantiation of bean failed; nested exception is org.springframework.beans.BeanInstantiationException: Failed to instantiate [lab.model.UsualPerson]: No default constructor found; nested exception is java.lang.NoSuchMethodException: lab.model.UsualPerson.<init>()
2018-04-13 12:53:31.818 [main] INFO  org.springframework.context.support.FileSystemXmlApplicationContext - Refreshing org.springframework.context.support.FileSystemXmlApplicationContext@1f59a598: startup date [Fri Apr 13 12:53:31 MSK 2018]; root of context hierarchy
2018-04-13 12:53:31.933 [main] INFO  org.springframework.beans.factory.xml.XmlBeanDefinitionReader - Loading XML bean definitions from file [C:\Data\IdeaProjects\java_lab\labs\Spring\lab3__\src\test\resources\ioc.xml]
2018-04-13 12:53:32.191 [main] WARN  org.springframework.context.support.FileSystemXmlApplicationContext - Exception encountered during context initialization - cancelling refresh attempt: org.springframework.beans.factory.BeanCreationException: Error creating bean with name 'person' defined in file [C:\Data\IdeaProjects\java_lab\labs\Spring\lab3__\src\test\resources\ioc.xml]: Instantiation of bean failed; nested exception is org.springframework.beans.BeanInstantiationException: Failed to instantiate [lab.model.UsualPerson]: No default constructor found; nested exception is java.lang.NoSuchMethodException: lab.model.UsualPerson.<init>()
2018-04-13 12:55:31.613 [main] INFO  org.springframework.context.support.FileSystemXmlApplicationContext - Refreshing org.springframework.context.support.FileSystemXmlApplicationContext@7ee8290b: startup date [Fri Apr 13 12:55:31 MSK 2018]; root of context hierarchy
2018-04-13 12:55:31.687 [main] INFO  org.springframework.beans.factory.xml.XmlBeanDefinitionReader - Loading XML bean definitions from file [C:\Data\IdeaProjects\java_lab\labs\Spring\lab3__\src\test\resources\ioc.xml]
2018-04-13 18:36:51.786 [main] INFO  org.springframework.context.support.FileSystemXmlApplicationContext - Refreshing org.springframework.context.support.FileSystemXmlApplicationContext@192c3f1e: startup date [Fri Apr 13 18:36:51 MSK 2018]; root of context hierarchy
2018-04-13 18:36:52.251 [main] INFO  org.springframework.beans.factory.xml.XmlBeanDefinitionReader - Loading XML bean definitions from file [C:\Data\IdeaProjects\java_lab\labs\Spring\lab3__\src\test\resources\ioc.xml]
2018-04-13 18:42:32.396 [main] INFO  org.springframework.context.support.FileSystemXmlApplicationContext - Refreshing org.springframework.context.support.FileSystemXmlApplicationContext@7ee8290b: startup date [Fri Apr 13 18:42:32 MSK 2018]; root of context hierarchy
2018-04-13 18:42:32.479 [main] INFO  org.springframework.beans.factory.xml.XmlBeanDefinitionReader - Loading XML bean definitions from file [C:\Data\IdeaProjects\java_lab\labs\Spring\lab3__\src\test\resources\ioc.xml]
2018-04-13 19:13:27.553 [main] INFO  org.springframework.context.support.FileSystemXmlApplicationContext - Refreshing org.springframework.context.support.FileSystemXmlApplicationContext@3c72f59f: startup date [Fri Apr 13 19:13:27 MSK 2018]; root of context hierarchy
2018-04-13 19:13:27.639 [main] INFO  org.springframework.beans.factory.xml.XmlBeanDefinitionReader - Loading XML bean definitions from file [C:\Data\IdeaProjects\java_lab\labs\Spring\lab3__\src\test\resources\ioc.xml]
2018-04-13 19:13:28.004 [main] INFO  org.springframework.context.support.FileSystemXmlApplicationContext - Closing org.springframework.context.support.FileSystemXmlApplicationContext@3c72f59f: startup date [Fri Apr 13 19:13:27 MSK 2018]; root of context hierarchy
2018-04-13 19:24:21.548 [main] INFO  org.springframework.context.support.FileSystemXmlApplicationContext - Refreshing org.springframework.context.support.FileSystemXmlApplicationContext@14d3bc22: startup date [Fri Apr 13 19:24:21 MSK 2018]; root of context hierarchy
2018-04-13 19:24:21.774 [main] INFO  org.springframework.beans.factory.xml.XmlBeanDefinitionReader - Loading XML bean definitions from file [C:\Data\IdeaProjects\java_lab\labs\Spring\lab3__\src\test\resources\ioc.xml]
2018-04-13 19:24:22.070 [main] WARN  org.springframework.context.support.FileSystemXmlApplicationContext - Exception encountered during context initialization - cancelling refresh attempt: org.springframework.beans.factory.BeanCreationException: Error creating bean with name 'person' defined in file [C:\Data\IdeaProjects\java_lab\labs\Spring\lab3__\src\test\resources\ioc.xml]: Instantiation of bean failed; nested exception is org.springframework.beans.BeanInstantiationException: Failed to instantiate [lab.model.UsualPerson]: No default constructor found; nested exception is java.lang.NoSuchMethodException: lab.model.UsualPerson.<init>()
2018-04-13 19:26:14.797 [main] INFO  org.springframework.context.support.FileSystemXmlApplicationContext - Refreshing org.springframework.context.support.FileSystemXmlApplicationContext@3c72f59f: startup date [Fri Apr 13 19:26:14 MSK 2018]; root of context hierarchy
2018-04-13 19:26:14.993 [main] INFO  org.springframework.beans.factory.xml.XmlBeanDefinitionReader - Loading XML bean definitions from file [C:\Data\IdeaProjects\java_lab\labs\Spring\lab3__\src\test\resources\ioc.xml]
2018-04-13 19:26:15.578 [main] WARN  org.springframework.context.support.FileSystemXmlApplicationContext - Exception encountered during context initialization - cancelling refresh attempt: org.springframework.beans.factory.BeanCreationException: Error creating bean with name 'person' defined in file [C:\Data\IdeaProjects\java_lab\labs\Spring\lab3__\src\test\resources\ioc.xml]: Cannot resolve reference to bean 'country' while setting bean property 'country'; nested exception is org.springframework.beans.factory.BeanCreationException: Error creating bean with name 'country' defined in file [C:\Data\IdeaProjects\java_lab\labs\Spring\lab3__\src\test\resources\ioc.xml]: Instantiation of bean failed; nested exception is org.springframework.beans.BeanInstantiationException: Failed to instantiate [lab.model.Country]: No default constructor found; nested exception is java.lang.NoSuchMethodException: lab.model.Country.<init>()
2018-04-13 19:27:26.745 [main] INFO  org.springframework.context.support.FileSystemXmlApplicationContext - Refreshing org.springframework.context.support.FileSystemXmlApplicationContext@222114ba: startup date [Fri Apr 13 19:27:26 MSK 2018]; root of context hierarchy
2018-04-13 19:27:27.012 [main] INFO  org.springframework.beans.factory.xml.XmlBeanDefinitionReader - Loading XML bean definitions from file [C:\Data\IdeaProjects\java_lab\labs\Spring\lab3__\src\test\resources\ioc.xml]
2018-04-13 19:27:27.660 [main] WARN  org.springframework.context.support.FileSystemXmlApplicationContext - Exception encountered during context initialization - cancelling refresh attempt: org.springframework.beans.factory.BeanCreationException: Error creating bean with name 'person' defined in file [C:\Data\IdeaProjects\java_lab\labs\Spring\lab3__\src\test\resources\ioc.xml]: Cannot resolve reference to bean 'country' while setting bean property 'country'; nested exception is org.springframework.beans.factory.BeanCreationException: Error creating bean with name 'country' defined in file [C:\Data\IdeaProjects\java_lab\labs\Spring\lab3__\src\test\resources\ioc.xml]: Instantiation of bean failed; nested exception is org.springframework.beans.BeanInstantiationException: Failed to instantiate [lab.model.Country]: No default constructor found; nested exception is java.lang.NoSuchMethodException: lab.model.Country.<init>()
2018-04-13 19:28:16.614 [main] INFO  org.springframework.context.support.FileSystemXmlApplicationContext - Refreshing org.springframework.context.support.FileSystemXmlApplicationContext@11a9e7c8: startup date [Fri Apr 13 19:28:16 MSK 2018]; root of context hierarchy
2018-04-13 19:28:16.810 [main] INFO  org.springframework.beans.factory.xml.XmlBeanDefinitionReader - Loading XML bean definitions from file [C:\Data\IdeaProjects\java_lab\labs\Spring\lab3__\src\test\resources\ioc.xml]
2018-04-13 19:28:17.166 [main] WARN  org.springframework.context.support.FileSystemXmlApplicationContext - Exception encountered during context initialization - cancelling refresh attempt: org.springframework.beans.factory.BeanCreationException: Error creating bean with name 'person' defined in file [C:\Data\IdeaProjects\java_lab\labs\Spring\lab3__\src\test\resources\ioc.xml]: Instantiation of bean failed; nested exception is org.springframework.beans.BeanInstantiationException: Failed to instantiate [lab.model.UsualPerson]: No default constructor found; nested exception is java.lang.NoSuchMethodException: lab.model.UsualPerson.<init>()
2018-04-13 19:29:39.165 [main] INFO  org.springframework.context.support.FileSystemXmlApplicationContext - Refreshing org.springframework.context.support.FileSystemXmlApplicationContext@14d3bc22: startup date [Fri Apr 13 19:29:39 MSK 2018]; root of context hierarchy
2018-04-13 19:29:39.339 [main] INFO  org.springframework.beans.factory.xml.XmlBeanDefinitionReader - Loading XML bean definitions from file [C:\Data\IdeaProjects\java_lab\labs\Spring\lab3__\src\test\resources\ioc.xml]
2018-04-13 19:29:39.793 [main] WARN  org.springframework.context.support.FileSystemXmlApplicationContext - Exception encountered during context initialization - cancelling refresh attempt: org.springframework.beans.factory.BeanCreationException: Error creating bean with name 'person' defined in file [C:\Data\IdeaProjects\java_lab\labs\Spring\lab3__\src\test\resources\ioc.xml]: Cannot resolve reference to bean 'country' while setting bean property 'country'; nested exception is org.springframework.beans.factory.BeanCreationException: Error creating bean with name 'country' defined in file [C:\Data\IdeaProjects\java_lab\labs\Spring\lab3__\src\test\resources\ioc.xml]: Instantiation of bean failed; nested exception is org.springframework.beans.BeanInstantiationException: Failed to instantiate [lab.model.Country]: No default constructor found; nested exception is java.lang.NoSuchMethodException: lab.model.Country.<init>()
2018-04-13 19:34:19.643 [main] INFO  org.springframework.context.support.FileSystemXmlApplicationContext - Refreshing org.springframework.context.support.FileSystemXmlApplicationContext@3c72f59f: startup date [Fri Apr 13 19:34:19 MSK 2018]; root of context hierarchy
2018-04-13 19:34:19.835 [main] INFO  org.springframework.beans.factory.xml.XmlBeanDefinitionReader - Loading XML bean definitions from file [C:\Data\IdeaProjects\java_lab\labs\Spring\lab3__\src\test\resources\ioc.xml]
2018-04-13 19:34:20.261 [main] INFO  org.springframework.context.support.FileSystemXmlApplicationContext - Closing org.springframework.context.support.FileSystemXmlApplicationContext@3c72f59f: startup date [Fri Apr 13 19:34:19 MSK 2018]; root of context hierarchy
2018-04-13 19:43:28.725 [main] INFO  org.springframework.context.support.FileSystemXmlApplicationContext - Refreshing org.springframework.context.support.FileSystemXmlApplicationContext@11a9e7c8: startup date [Fri Apr 13 19:43:28 MSK 2018]; root of context hierarchy
2018-04-13 19:43:28.907 [main] INFO  org.springframework.beans.factory.xml.XmlBeanDefinitionReader - Loading XML bean definitions from file [C:\Data\IdeaProjects\java_lab\labs\Spring\lab3__\src\test\resources\ioc.xml]
2018-04-13 19:43:29.249 [main] INFO  org.springframework.context.support.FileSystemXmlApplicationContext - Closing org.springframework.context.support.FileSystemXmlApplicationContext@11a9e7c8: startup date [Fri Apr 13 19:43:28 MSK 2018]; root of context hierarchy
2018-04-13 19:44:27.490 [main] INFO  org.springframework.context.support.FileSystemXmlApplicationContext - Refreshing org.springframework.context.support.FileSystemXmlApplicationContext@14d3bc22: startup date [Fri Apr 13 19:44:27 MSK 2018]; root of context hierarchy
2018-04-13 19:44:27.699 [main] INFO  org.springframework.beans.factory.xml.XmlBeanDefinitionReader - Loading XML bean definitions from file [C:\Data\IdeaProjects\java_lab\labs\Spring\lab3__\src\test\resources\ioc.xml]
2018-04-13 19:44:28.088 [main] INFO  org.springframework.context.support.FileSystemXmlApplicationContext - Closing org.springframework.context.support.FileSystemXmlApplicationContext@14d3bc22: startup date [Fri Apr 13 19:44:27 MSK 2018]; root of context hierarchy
2018-04-13 19:49:56.167 [main] INFO  org.springframework.context.support.FileSystemXmlApplicationContext - Refreshing org.springframework.context.support.FileSystemXmlApplicationContext@11a9e7c8: startup date [Fri Apr 13 19:49:56 MSK 2018]; root of context hierarchy
2018-04-13 19:49:56.399 [main] INFO  org.springframework.beans.factory.xml.XmlBeanDefinitionReader - Loading XML bean definitions from file [C:\Data\IdeaProjects\java_lab\labs\Spring\lab3__\src\test\resources\ioc.xml]
2018-04-13 19:49:56.705 [main] INFO  org.springframework.context.support.FileSystemXmlApplicationContext - Closing org.springframework.context.support.FileSystemXmlApplicationContext@11a9e7c8: startup date [Fri Apr 13 19:49:56 MSK 2018]; root of context hierarchy
2018-04-13 19:51:02.477 [main] INFO  org.springframework.context.support.FileSystemXmlApplicationContext - Refreshing org.springframework.context.support.FileSystemXmlApplicationContext@11a9e7c8: startup date [Fri Apr 13 19:51:02 MSK 2018]; root of context hierarchy
2018-04-13 19:51:02.672 [main] INFO  org.springframework.beans.factory.xml.XmlBeanDefinitionReader - Loading XML bean definitions from file [C:\Data\IdeaProjects\java_lab\labs\Spring\lab3__\src\test\resources\ioc.xml]
2018-04-13 19:51:02.966 [main] WARN  org.springframework.context.support.FileSystemXmlApplicationContext - Exception encountered during context initialization - cancelling refresh attempt: org.springframework.beans.factory.BeanCreationException: Error creating bean with name 'person' defined in file [C:\Data\IdeaProjects\java_lab\labs\Spring\lab3__\src\test\resources\ioc.xml]: Instantiation of bean failed; nested exception is org.springframework.beans.BeanInstantiationException: Failed to instantiate [lab.model.UsualPerson]: No default constructor found; nested exception is java.lang.NoSuchMethodException: lab.model.UsualPerson.<init>()
2018-04-13 20:08:36.635 [main] INFO  org.springframework.context.support.FileSystemXmlApplicationContext - Refreshing org.springframework.context.support.FileSystemXmlApplicationContext@11a9e7c8: startup date [Fri Apr 13 20:08:36 MSK 2018]; root of context hierarchy
2018-04-13 20:08:36.831 [main] INFO  org.springframework.beans.factory.xml.XmlBeanDefinitionReader - Loading XML bean definitions from file [C:\Data\IdeaProjects\java_lab\labs\Spring\lab3__\src\test\resources\ioc.xml]
2018-04-13 20:08:37.275 [main] WARN  org.springframework.context.support.FileSystemXmlApplicationContext - Exception encountered during context initialization - cancelling refresh attempt: org.springframework.beans.factory.BeanCreationException: Error creating bean with name 'person' defined in file [C:\Data\IdeaProjects\java_lab\labs\Spring\lab3__\src\test\resources\ioc.xml]: Cannot resolve reference to bean 'country' while setting bean property 'country'; nested exception is org.springframework.beans.factory.BeanCreationException: Error creating bean with name 'country' defined in file [C:\Data\IdeaProjects\java_lab\labs\Spring\lab3__\src\test\resources\ioc.xml]: Instantiation of bean failed; nested exception is org.springframework.beans.BeanInstantiationException: Failed to instantiate [lab.model.Country]: No default constructor found; nested exception is java.lang.NoSuchMethodException: lab.model.Country.<init>()
2018-04-13 20:09:52.361 [main] INFO  org.springframework.context.support.FileSystemXmlApplicationContext - Refreshing org.springframework.context.support.FileSystemXmlApplicationContext@14d3bc22: startup date [Fri Apr 13 20:09:52 MSK 2018]; root of context hierarchy
2018-04-13 20:09:52.511 [main] INFO  org.springframework.beans.factory.xml.XmlBeanDefinitionReader - Loading XML bean definitions from file [C:\Data\IdeaProjects\java_lab\labs\Spring\lab3__\src\test\resources\ioc.xml]
2018-04-13 20:09:53.092 [main] WARN  org.springframework.context.support.FileSystemXmlApplicationContext - Exception encountered during context initialization - cancelling refresh attempt: org.springframework.beans.factory.BeanCreationException: Error creating bean with name 'person' defined in file [C:\Data\IdeaProjects\java_lab\labs\Spring\lab3__\src\test\resources\ioc.xml]: Cannot resolve reference to bean 'country' while setting bean property 'country'; nested exception is org.springframework.beans.factory.BeanCreationException: Error creating bean with name 'country' defined in file [C:\Data\IdeaProjects\java_lab\labs\Spring\lab3__\src\test\resources\ioc.xml]: Instantiation of bean failed; nested exception is org.springframework.beans.BeanInstantiationException: Failed to instantiate [lab.model.Country]: No default constructor found; nested exception is java.lang.NoSuchMethodException: lab.model.Country.<init>()
2018-04-13 20:11:27.590 [main] INFO  org.springframework.context.support.FileSystemXmlApplicationContext - Refreshing org.springframework.context.support.FileSystemXmlApplicationContext@11a9e7c8: startup date [Fri Apr 13 20:11:27 MSK 2018]; root of context hierarchy
2018-04-13 20:11:27.787 [main] INFO  org.springframework.beans.factory.xml.XmlBeanDefinitionReader - Loading XML bean definitions from file [C:\Data\IdeaProjects\java_lab\labs\Spring\lab3__\src\test\resources\ioc.xml]
2018-04-13 20:11:28.276 [main] INFO  org.springframework.context.support.FileSystemXmlApplicationContext - Closing org.springframework.context.support.FileSystemXmlApplicationContext@11a9e7c8: startup date [Fri Apr 13 20:11:27 MSK 2018]; root of context hierarchy
2018-04-13 20:13:29.141 [main] INFO  org.springframework.context.support.FileSystemXmlApplicationContext - Refreshing org.springframework.context.support.FileSystemXmlApplicationContext@222114ba: startup date [Fri Apr 13 20:13:29 MSK 2018]; root of context hierarchy
2018-04-13 20:13:29.335 [main] INFO  org.springframework.beans.factory.xml.XmlBeanDefinitionReader - Loading XML bean definitions from file [C:\Data\IdeaProjects\java_lab\labs\Spring\lab3__\src\test\resources\ioc.xml]
2018-04-13 20:13:29.936 [main] INFO  org.springframework.context.support.FileSystemXmlApplicationContext - Closing org.springframework.context.support.FileSystemXmlApplicationContext@222114ba: startup date [Fri Apr 13 20:13:29 MSK 2018]; root of context hierarchy
2018-04-13 20:14:32.972 [main] INFO  org.springframework.context.support.FileSystemXmlApplicationContext - Refreshing org.springframework.context.support.FileSystemXmlApplicationContext@3c72f59f: startup date [Fri Apr 13 20:14:32 MSK 2018]; root of context hierarchy
2018-04-13 20:14:33.204 [main] INFO  org.springframework.beans.factory.xml.XmlBeanDefinitionReader - Loading XML bean definitions from file [C:\Data\IdeaProjects\java_lab\labs\Spring\lab3__\src\test\resources\ioc.xml]
2018-04-13 20:14:33.712 [main] INFO  org.springframework.context.support.FileSystemXmlApplicationContext - Closing org.springframework.context.support.FileSystemXmlApplicationContext@3c72f59f: startup date [Fri Apr 13 20:14:32 MSK 2018]; root of context hierarchy
2018-04-13 20:16:14.167 [main] INFO  org.springframework.context.support.FileSystemXmlApplicationContext - Refreshing org.springframework.context.support.FileSystemXmlApplicationContext@14d3bc22: startup date [Fri Apr 13 20:16:14 MSK 2018]; root of context hierarchy
2018-04-13 20:16:14.310 [main] INFO  org.springframework.beans.factory.xml.XmlBeanDefinitionReader - Loading XML bean definitions from file [C:\Data\IdeaProjects\java_lab\labs\Spring\lab3__\src\test\resources\ioc.xml]
2018-04-13 20:16:14.794 [main] INFO  org.springframework.context.support.FileSystemXmlApplicationContext - Closing org.springframework.context.support.FileSystemXmlApplicationContext@14d3bc22: startup date [Fri Apr 13 20:16:14 MSK 2018]; root of context hierarchy
2018-04-13 20:16:33.995 [main] INFO  org.springframework.context.support.FileSystemXmlApplicationContext - Refreshing org.springframework.context.support.FileSystemXmlApplicationContext@222114ba: startup date [Fri Apr 13 20:16:33 MSK 2018]; root of context hierarchy
2018-04-13 20:16:34.246 [main] INFO  org.springframework.beans.factory.xml.XmlBeanDefinitionReader - Loading XML bean definitions from file [C:\Data\IdeaProjects\java_lab\labs\Spring\lab3__\ioc.xml]
2018-04-13 20:22:52.513 [main] INFO  org.springframework.context.support.FileSystemXmlApplicationContext - Refreshing org.springframework.context.support.FileSystemXmlApplicationContext@3c72f59f: startup date [Fri Apr 13 20:22:52 MSK 2018]; root of context hierarchy
2018-04-13 20:22:52.683 [main] INFO  org.springframework.beans.factory.xml.XmlBeanDefinitionReader - Loading XML bean definitions from file [C:\Data\IdeaProjects\java_lab\labs\Spring\lab3__\test\resources\ioc.xml]
2018-04-13 20:23:19.985 [main] INFO  org.springframework.context.support.FileSystemXmlApplicationContext - Refreshing org.springframework.context.support.FileSystemXmlApplicationContext@3c72f59f: startup date [Fri Apr 13 20:23:19 MSK 2018]; root of context hierarchy
2018-04-13 20:23:20.203 [main] INFO  org.springframework.beans.factory.xml.XmlBeanDefinitionReader - Loading XML bean definitions from file [C:\Data\IdeaProjects\java_lab\labs\Spring\lab3__\src\test\resources\ioc.xml]
2018-04-13 20:23:20.706 [main] INFO  org.springframework.context.support.FileSystemXmlApplicationContext - Closing org.springframework.context.support.FileSystemXmlApplicationContext@3c72f59f: startup date [Fri Apr 13 20:23:19 MSK 2018]; root of context hierarchy
2018-04-13 20:23:48.362 [main] INFO  org.springframework.context.support.FileSystemXmlApplicationContext - Refreshing org.springframework.context.support.FileSystemXmlApplicationContext@14d3bc22: startup date [Fri Apr 13 20:23:48 MSK 2018]; root of context hierarchy
2018-04-13 20:23:48.558 [main] INFO  org.springframework.beans.factory.xml.XmlBeanDefinitionReader - Loading XML bean definitions from file [C:\Data\IdeaProjects\java_lab\labs\Spring\lab3__\src\test\resources\ioc.xml]
2018-04-13 20:23:49.049 [main] INFO  org.springframework.context.support.FileSystemXmlApplicationContext - Closing org.springframework.context.support.FileSystemXmlApplicationContext@14d3bc22: startup date [Fri Apr 13 20:23:48 MSK 2018]; root of context hierarchy
2018-04-13 20:33:58.796 [main] INFO  org.springframework.context.support.FileSystemXmlApplicationContext - Refreshing org.springframework.context.support.FileSystemXmlApplicationContext@3c72f59f: startup date [Fri Apr 13 20:33:58 MSK 2018]; root of context hierarchy
2018-04-13 20:33:59.328 [main] INFO  org.springframework.beans.factory.xml.XmlBeanDefinitionReader - Loading XML bean definitions from file [C:\Data\IdeaProjects\java_lab\labs\Spring\lab3__\src\test\resources\ioc.xml]
2018-04-13 20:34:00.551 [main] INFO  org.springframework.context.support.FileSystemXmlApplicationContext - Closing org.springframework.context.support.FileSystemXmlApplicationContext@3c72f59f: startup date [Fri Apr 13 20:33:58 MSK 2018]; root of context hierarchy
2018-04-13 21:04:30.782 [main] INFO  org.springframework.context.support.FileSystemXmlApplicationContext - Refreshing org.springframework.context.support.FileSystemXmlApplicationContext@358ee631: startup date [Fri Apr 13 21:04:30 MSK 2018]; root of context hierarchy
2018-04-13 21:04:31.283 [main] INFO  org.springframework.beans.factory.xml.XmlBeanDefinitionReader - Loading XML bean definitions from file [C:\Data\IdeaProjects\java_lab\labs\Spring\lab3__\src\test\resources\ioc.xml]
2018-04-13 21:04:33.565 [main] INFO  org.springframework.context.support.FileSystemXmlApplicationContext - Closing org.springframework.context.support.FileSystemXmlApplicationContext@358ee631: startup date [Fri Apr 13 21:04:30 MSK 2018]; root of context hierarchy
